
Authorized users only. All activities may be monitored and reported.
[2026-03-21 17:25:17] === Transferring Temperature Files ===
[2026-03-21 17:25:36] Transferring: temperature/woa23_decav91C0_t00_04.nc (1016M)

Authorized users only. All activities may be monitored and reported.
[2026-03-21 17:43:21] Done: temperature/woa23_decav91C0_t00_04.nc
[2026-03-21 17:43:24] SKIP (exists): temperature/woa23_decav91C0_t01_04.nc
[2026-03-21 17:43:27] Transferring: temperature/woa23_decav91C0_t02_04.nc (563M)

Authorized users only. All activities may be monitored and reported.
[2026-03-21 17:52:06] Done: temperature/woa23_decav91C0_t02_04.nc
[2026-03-21 17:52:09] Transferring: temperature/woa23_decav91C0_t03_04.nc (577M)

Authorized users only. All activities may be monitored and reported.
[2026-03-21 18:04:15] Done: temperature/woa23_decav91C0_t03_04.nc
[2026-03-21 18:04:18] Transferring: temperature/woa23_decav91C0_t04_04.nc (573M)

Authorized users only. All activities may be monitored and reported.
[2026-03-21 18:16:14] Done: temperature/woa23_decav91C0_t04_04.nc
[2026-03-21 18:16:17] Transferring: temperature/woa23_decav91C0_t05_04.nc (575M)

Authorized users only. All activities may be monitored and reported.
[2026-03-21 18:30:46] Done: temperature/woa23_decav91C0_t05_04.nc
[2026-03-21 18:30:49] Transferring: temperature/woa23_decav91C0_t06_04.nc (556M)

Authorized users only. All activities may be monitored and reported.
[2026-03-21 18:43:58] Done: temperature/woa23_decav91C0_t06_04.nc
[2026-03-21 18:44:02] Transferring: temperature/woa23_decav91C0_t07_04.nc (568M)

Authorized users only. All activities may be monitored and reported.
[2026-03-21 18:57:02] Done: temperature/woa23_decav91C0_t07_04.nc
[2026-03-21 18:57:06] Transferring: temperature/woa23_decav91C0_t08_04.nc (581M)

Authorized users only. All activities may be monitored and reported.
[2026-03-21 19:09:00] Done: temperature/woa23_decav91C0_t08_04.nc
[2026-03-21 19:09:04] Transferring: temperature/woa23_decav91C0_t09_04.nc (564M)

Authorized users only. All activities may be monitored and reported.
[2026-03-21 19:20:54] Done: temperature/woa23_decav91C0_t09_04.nc
[2026-03-21 19:20:59] Transferring: temperature/woa23_decav91C0_t10_04.nc (566M)

Authorized users only. All activities may be monitored and reported.
[2026-03-21 19:31:59] Done: temperature/woa23_decav91C0_t10_04.nc
[2026-03-21 19:32:02] Transferring: temperature/woa23_decav91C0_t11_04.nc (566M)

Authorized users only. All activities may be monitored and reported.
[2026-03-21 19:39:11] Done: temperature/woa23_decav91C0_t11_04.nc
[2026-03-21 19:39:16] Transferring: temperature/woa23_decav91C0_t12_04.nc (558M)

Authorized users only. All activities may be monitored and reported.
[2026-03-21 19:46:11] Done: temperature/woa23_decav91C0_t12_04.nc
[2026-03-21 19:46:11] === Transferring Salinity Files ===
[2026-03-21 19:46:18] Transferring: salinity/woa23_decav91C0_s00_04.nc (907M)

Authorized users only. All activities may be monitored and reported.
[2026-03-21 20:00:17] Done: salinity/woa23_decav91C0_s00_04.nc
[2026-03-21 20:00:22] Transferring: salinity/woa23_decav91C0_s01_04.nc (472M)

Authorized users only. All activities may be monitored and reported.
[2026-03-21 20:09:18] Done: salinity/woa23_decav91C0_s01_04.nc
[2026-03-21 20:09:22] Transferring: salinity/woa23_decav91C0_s02_04.nc (463M)

Authorized users only. All activities may be monitored and reported.
[2026-03-21 20:19:26] Done: salinity/woa23_decav91C0_s02_04.nc
[2026-03-21 20:19:31] Transferring: salinity/woa23_decav91C0_s03_04.nc (465M)

Authorized users only. All activities may be monitored and reported.
[2026-03-21 20:28:10] Done: salinity/woa23_decav91C0_s03_04.nc
[2026-03-21 20:28:14] Transferring: salinity/woa23_decav91C0_s04_04.nc (465M)

Authorized users only. All activities may be monitored and reported.
[2026-03-21 20:35:51] Done: salinity/woa23_decav91C0_s04_04.nc
[2026-03-21 20:35:55] Transferring: salinity/woa23_decav91C0_s05_04.nc (469M)

Authorized users only. All activities may be monitored and reported.
[2026-03-21 20:45:46] Done: salinity/woa23_decav91C0_s05_04.nc
[2026-03-21 20:45:49] Transferring: salinity/woa23_decav91C0_s06_04.nc (463M)

Authorized users only. All activities may be monitored and reported.
[2026-03-21 20:56:46] Done: salinity/woa23_decav91C0_s06_04.nc
[2026-03-21 20:56:50] Transferring: salinity/woa23_decav91C0_s07_04.nc (471M)

Authorized users only. All activities may be monitored and reported.
[2026-03-21 21:09:24] Done: salinity/woa23_decav91C0_s07_04.nc
[2026-03-21 21:09:29] Transferring: salinity/woa23_decav91C0_s08_04.nc (479M)

Authorized users only. All activities may be monitored and reported.
[2026-03-21 21:20:20] Done: salinity/woa23_decav91C0_s08_04.nc
[2026-03-21 21:20:23] Transferring: salinity/woa23_decav91C0_s09_04.nc (480M)

Authorized users only. All activities may be monitored and reported.
[2026-03-21 21:31:27] Done: salinity/woa23_decav91C0_s09_04.nc
[2026-03-21 21:31:31] Transferring: salinity/woa23_decav91C0_s10_04.nc (479M)

Authorized users only. All activities may be monitored and reported.
[2026-03-21 21:42:53] Done: salinity/woa23_decav91C0_s10_04.nc
[2026-03-21 21:42:56] Transferring: salinity/woa23_decav91C0_s11_04.nc (469M)

Authorized users only. All activities may be monitored and reported.
[2026-03-21 21:54:26] Done: salinity/woa23_decav91C0_s11_04.nc
[2026-03-21 21:54:29] Transferring: salinity/woa23_decav91C0_s12_04.nc (461M)

Authorized users only. All activities may be monitored and reported.
[2026-03-21 22:05:46] Done: salinity/woa23_decav91C0_s12_04.nc
[2026-03-21 22:05:46] === All WOA23 transfers complete ===

Authorized users only. All activities may be monitored and reported.
7.7G	/data/nas_data/ocean_acoustic/woa23/temperature
6.4G	/data/nas_data/ocean_acoustic/woa23/salinity
